<?xml version="1.0" encoding="UTF-8"?>
<testng-results ignored="0" total="2" passed="2" failed="0" skipped="0">
  <reporter-output>
  </reporter-output>
  <suite started-at="2024-12-20T15:32:03 IST" name="Suite" finished-at="2024-12-20T15:32:06 IST" duration-ms="3304">
    <groups>
      <group name="regression">
        <method signature="TC001_AccountRegistrationTest.verify_account_registration()[pri:0, instance:testCases.TC001_AccountRegistrationTest@4ff8d125]" name="verify_account_registration" class="testCases.TC001_AccountRegistrationTest"/>
      </group> <!-- regression -->
      <group name="sanity">
        <method signature="TC002_Login.verify_login()[pri:0, instance:testCases.TC002_Login@19c65cdc]" name="verify_login" class="testCases.TC002_Login"/>
      </group> <!-- sanity -->
      <group name="master">
        <method signature="TC001_AccountRegistrationTest.verify_account_registration()[pri:0, instance:testCases.TC001_AccountRegistrationTest@4ff8d125]" name="verify_account_registration" class="testCases.TC001_AccountRegistrationTest"/>
        <method signature="TC002_Login.verify_login()[pri:0, instance:testCases.TC002_Login@19c65cdc]" name="verify_login" class="testCases.TC002_Login"/>
      </group> <!-- master -->
    </groups>
    <test started-at="2024-12-20T15:32:03 IST" name="Test" finished-at="2024-12-20T15:32:06 IST" duration-ms="3304">
      <class name="testCases.TC002_Login">
        <test-method is-config="true" signature="setup(java.lang.String,java.lang.String)[pri:0, instance:testCases.TC002_Login@19c65cdc]" started-at="2024-12-20T15:32:05 IST" name="setup" finished-at="2024-12-20T15:32:06 IST" duration-ms="617" status="PASS">
          <params>
            <param index="0">
              <value>
                <![CDATA[linux]]>
              </value>
            </param>
            <param index="1">
              <value>
                <![CDATA[chrome]]>
              </value>
            </param>
          </params>
          <reporter-output>
          </reporter-output>
        </test-method> <!-- setup -->
        <test-method signature="verify_login()[pri:0, instance:testCases.TC002_Login@19c65cdc]" started-at="2024-12-20T15:32:06 IST" name="verify_login" finished-at="2024-12-20T15:32:06 IST" duration-ms="708" status="PASS">
          <reporter-output>
          </reporter-output>
        </test-method> <!-- verify_login -->
        <test-method is-config="true" signature="tearDown()[pri:0, instance:testCases.TC002_Login@19c65cdc]" started-at="2024-12-20T15:32:06 IST" name="tearDown" finished-at="2024-12-20T15:32:06 IST" duration-ms="71" status="PASS">
          <reporter-output>
          </reporter-output>
        </test-method> <!-- tearDown -->
      </class> <!-- testCases.TC002_Login -->
      <class name="testCases.TC001_AccountRegistrationTest">
        <test-method is-config="true" signature="setup(java.lang.String,java.lang.String)[pri:0, instance:testCases.TC001_AccountRegistrationTest@4ff8d125]" started-at="2024-12-20T15:32:03 IST" name="setup" finished-at="2024-12-20T15:32:04 IST" duration-ms="940" status="PASS">
          <params>
            <param index="0">
              <value>
                <![CDATA[linux]]>
              </value>
            </param>
            <param index="1">
              <value>
                <![CDATA[chrome]]>
              </value>
            </param>
          </params>
          <reporter-output>
          </reporter-output>
        </test-method> <!-- setup -->
        <test-method signature="verify_account_registration()[pri:0, instance:testCases.TC001_AccountRegistrationTest@4ff8d125]" started-at="2024-12-20T15:32:04 IST" name="verify_account_registration" finished-at="2024-12-20T15:32:05 IST" duration-ms="724" status="PASS">
          <reporter-output>
          </reporter-output>
        </test-method> <!-- verify_account_registration -->
        <test-method is-config="true" signature="tearDown()[pri:0, instance:testCases.TC001_AccountRegistrationTest@4ff8d125]" started-at="2024-12-20T15:32:05 IST" name="tearDown" finished-at="2024-12-20T15:32:05 IST" duration-ms="75" status="PASS">
          <reporter-output>
          </reporter-output>
        </test-method> <!-- tearDown -->
      </class> <!-- testCases.TC001_AccountRegistrationTest -->
    </test> <!-- Test -->
  </suite> <!-- Suite -->
</testng-results>
